<?xml version="1.0" encoding="UTF-8"?>
<!-- Generated by org.testng.reporters.JUnitReportReporter -->
<testsuite hostname="LAPTOP-0TEQQFEI" failures="0" tests="4" name="testNgPack.TestNG2" time="0.019" errors="0" timestamp="2023-02-06T19:03:08 IST" skipped="0">
  <testcase classname="testNgPack.TestNG2" name="test2" time="0.001"/>
  <system-out/>
  <testcase classname="testNgPack.TestNG2" name="test1" time="0.012"/>
  <system-out/>
  <testcase classname="testNgPack.TestNG2" name="test3" time="0.005"/>
  <system-out/>
  <testcase classname="testNgPack.TestNG2" name="test4" time="0.001"/>
  <system-out/>
</testsuite> <!-- testNgPack.TestNG2 -->
