<?xml version="1.0" encoding="UTF-8"?>
<!-- Generated by org.testng.reporters.JUnitReportReporter -->
<testsuite hostname="LAPTOP-0TEQQFEI" failures="0" tests="3" name="testNgPack.TestNGClass" time="9.445" errors="0" timestamp="2023-02-06T19:03:38 IST" skipped="0">
  <testcase classname="testNgPack.TestNGClass" name="verifyTermsLinks" time="2.701"/>
  <system-out/>
  <testcase classname="testNgPack.TestNGClass" name="verifyPrivacyLink" time="3.549"/>
  <system-out/>
  <testcase classname="testNgPack.TestNGClass" name="verifyCookiesPolicyLink" time="3.195"/>
  <system-out/>
</testsuite> <!-- testNgPack.TestNGClass -->
