<?xml version="1.0" encoding="UTF-8"?>
<!-- Generated by org.testng.reporters.JUnitReportReporter -->
<testsuite hostname="LAPTOP-0TEQQFEI" failures="0" tests="4" name="testNgPack.Automation2" time="0.005" errors="0" timestamp="2023-02-12T13:56:29 IST" skipped="0">
  <testcase classname="testNgPack.Automation2" name="test1" time="0.001"/>
  <system-out/>
  <testcase classname="testNgPack.Automation2" name="test3" time="0.001"/>
  <system-out/>
  <testcase classname="testNgPack.Automation2" name="test4" time="0.001"/>
  <system-out/>
  <testcase classname="testNgPack.Automation2" name="test2" time="0.002"/>
  <system-out/>
</testsuite> <!-- testNgPack.Automation2 -->
