<?xml version="1.0" encoding="UTF-8"?>
<!-- Generated by org.testng.reporters.JUnitReportReporter -->
<testsuite hostname="LAPTOP-0TEQQFEI" failures="0" tests="6" name="testNgPack.AutomationNG" time="0.015" errors="0" timestamp="2023-02-12T13:56:29 IST" skipped="0">
  <testcase classname="testNgPack.AutomationNG" name="test3" time="0.001"/>
  <system-out/>
  <testcase classname="testNgPack.AutomationNG" name="testD" time="0.002"/>
  <system-out/>
  <testcase classname="testNgPack.AutomationNG" name="test2" time="0.001"/>
  <system-out/>
  <testcase classname="testNgPack.AutomationNG" name="test4" time="0.002"/>
  <system-out/>
  <testcase classname="testNgPack.AutomationNG" name="test1" time="0.008"/>
  <system-out/>
  <testcase classname="testNgPack.AutomationNG" name="testC" time="0.001"/>
  <system-out/>
</testsuite> <!-- testNgPack.AutomationNG -->
